  main.cpp
C:\Users\Rony\Downloads\Room\fan.h(44,96): warning C4305: 'argument': truncation from 'double' to 'float'
  (compiling source file 'main.cpp')
  
C:\Users\Rony\Downloads\Room\fan.h(47,95): warning C4305: 'argument': truncation from 'double' to 'float'
  (compiling source file 'main.cpp')
  
C:\Users\Rony\Downloads\Room\fan.h(50,93): warning C4305: 'argument': truncation from 'double' to 'float'
  (compiling source file 'main.cpp')
  
C:\Users\Rony\Downloads\Room\fan.h(53,92): warning C4305: 'argument': truncation from 'double' to 'float'
  (compiling source file 'main.cpp')
  
C:\Users\Rony\Downloads\Room\cylinders.h(25,25): warning C4244: 'initializing': conversion from 'double' to 'float', possible loss of data
  (compiling source file 'main.cpp')
  
C:\Users\Rony\Downloads\Room\cylinders.h(26,27): warning C4244: 'initializing': conversion from 'double' to 'float', possible loss of data
  (compiling source file 'main.cpp')
  
C:\Users\Rony\Downloads\Room\cylinders.h(39,33): warning C4244: '=': conversion from '_Ty1' to 'float', possible loss of data
C:\Users\Rony\Downloads\Room\cylinders.h(39,33): warning C4244:         with
C:\Users\Rony\Downloads\Room\cylinders.h(39,33): warning C4244:         [
C:\Users\Rony\Downloads\Room\cylinders.h(39,33): warning C4244:             _Ty1=double
C:\Users\Rony\Downloads\Room\cylinders.h(39,33): warning C4244:         ]
  (compiling source file 'main.cpp')
  
C:\Users\Rony\Downloads\Room\cylinders.h(52,33): warning C4244: '=': conversion from '_Ty1' to 'float', possible loss of data
C:\Users\Rony\Downloads\Room\cylinders.h(52,33): warning C4244:         with
C:\Users\Rony\Downloads\Room\cylinders.h(52,33): warning C4244:         [
C:\Users\Rony\Downloads\Room\cylinders.h(52,33): warning C4244:             _Ty1=double
C:\Users\Rony\Downloads\Room\cylinders.h(52,33): warning C4244:         ]
  (compiling source file 'main.cpp')
  
C:\Users\Rony\Downloads\Room\main.cpp(49,36): warning C4305: 'initializing': truncation from 'double' to 'float'
C:\Users\Rony\Downloads\Room\main.cpp(408,27): warning C4305: 'initializing': truncation from 'double' to 'float'
C:\Users\Rony\Downloads\Room\main.cpp(408,32): warning C4305: 'initializing': truncation from 'double' to 'float'
C:\Users\Rony\Downloads\Room\main.cpp(408,37): warning C4305: 'initializing': truncation from 'double' to 'float'
C:\Users\Rony\Downloads\Room\main.cpp(409,27): warning C4305: 'initializing': truncation from 'double' to 'float'
C:\Users\Rony\Downloads\Room\main.cpp(409,32): warning C4305: 'initializing': truncation from 'double' to 'float'
C:\Users\Rony\Downloads\Room\main.cpp(409,37): warning C4305: 'initializing': truncation from 'double' to 'float'
C:\Users\Rony\Downloads\Room\main.cpp(410,27): warning C4305: 'initializing': truncation from 'double' to 'float'
C:\Users\Rony\Downloads\Room\main.cpp(410,32): warning C4305: 'initializing': truncation from 'double' to 'float'
C:\Users\Rony\Downloads\Room\main.cpp(410,37): warning C4305: 'initializing': truncation from 'double' to 'float'
C:\Users\Rony\Downloads\Room\main.cpp(411,27): warning C4305: 'initializing': truncation from 'double' to 'float'
C:\Users\Rony\Downloads\Room\main.cpp(411,32): warning C4305: 'initializing': truncation from 'double' to 'float'
C:\Users\Rony\Downloads\Room\main.cpp(411,37): warning C4305: 'initializing': truncation from 'double' to 'float'
C:\Users\Rony\Downloads\Room\main.cpp(413,27): warning C4305: 'initializing': truncation from 'double' to 'float'
C:\Users\Rony\Downloads\Room\main.cpp(413,32): warning C4305: 'initializing': truncation from 'double' to 'float'
C:\Users\Rony\Downloads\Room\main.cpp(413,37): warning C4305: 'initializing': truncation from 'double' to 'float'
C:\Users\Rony\Downloads\Room\main.cpp(414,27): warning C4305: 'initializing': truncation from 'double' to 'float'
C:\Users\Rony\Downloads\Room\main.cpp(414,32): warning C4305: 'initializing': truncation from 'double' to 'float'
C:\Users\Rony\Downloads\Room\main.cpp(414,37): warning C4305: 'initializing': truncation from 'double' to 'float'
C:\Users\Rony\Downloads\Room\main.cpp(415,27): warning C4305: 'initializing': truncation from 'double' to 'float'
C:\Users\Rony\Downloads\Room\main.cpp(415,32): warning C4305: 'initializing': truncation from 'double' to 'float'
C:\Users\Rony\Downloads\Room\main.cpp(415,37): warning C4305: 'initializing': truncation from 'double' to 'float'
C:\Users\Rony\Downloads\Room\main.cpp(416,27): warning C4305: 'initializing': truncation from 'double' to 'float'
C:\Users\Rony\Downloads\Room\main.cpp(416,32): warning C4305: 'initializing': truncation from 'double' to 'float'
C:\Users\Rony\Downloads\Room\main.cpp(416,37): warning C4305: 'initializing': truncation from 'double' to 'float'
C:\Users\Rony\Downloads\Room\main.cpp(457,26): warning C4305: 'initializing': truncation from 'double' to 'float'
C:\Users\Rony\Downloads\Room\main.cpp(457,32): warning C4305: 'initializing': truncation from 'double' to 'float'
C:\Users\Rony\Downloads\Room\main.cpp(457,37): warning C4305: 'initializing': truncation from 'double' to 'float'
C:\Users\Rony\Downloads\Room\main.cpp(458,26): warning C4305: 'initializing': truncation from 'double' to 'float'
C:\Users\Rony\Downloads\Room\main.cpp(458,32): warning C4305: 'initializing': truncation from 'double' to 'float'
C:\Users\Rony\Downloads\Room\main.cpp(458,37): warning C4305: 'initializing': truncation from 'double' to 'float'
C:\Users\Rony\Downloads\Room\main.cpp(459,26): warning C4305: 'initializing': truncation from 'double' to 'float'
C:\Users\Rony\Downloads\Room\main.cpp(459,32): warning C4305: 'initializing': truncation from 'double' to 'float'
C:\Users\Rony\Downloads\Room\main.cpp(459,37): warning C4305: 'initializing': truncation from 'double' to 'float'
C:\Users\Rony\Downloads\Room\main.cpp(460,26): warning C4305: 'initializing': truncation from 'double' to 'float'
C:\Users\Rony\Downloads\Room\main.cpp(460,32): warning C4305: 'initializing': truncation from 'double' to 'float'
C:\Users\Rony\Downloads\Room\main.cpp(460,37): warning C4305: 'initializing': truncation from 'double' to 'float'
C:\Users\Rony\Downloads\Room\main.cpp(462,26): warning C4305: 'initializing': truncation from 'double' to 'float'
C:\Users\Rony\Downloads\Room\main.cpp(462,32): warning C4305: 'initializing': truncation from 'double' to 'float'
C:\Users\Rony\Downloads\Room\main.cpp(462,37): warning C4305: 'initializing': truncation from 'double' to 'float'
C:\Users\Rony\Downloads\Room\main.cpp(463,26): warning C4305: 'initializing': truncation from 'double' to 'float'
C:\Users\Rony\Downloads\Room\main.cpp(463,32): warning C4305: 'initializing': truncation from 'double' to 'float'
C:\Users\Rony\Downloads\Room\main.cpp(463,37): warning C4305: 'initializing': truncation from 'double' to 'float'
C:\Users\Rony\Downloads\Room\main.cpp(464,26): warning C4305: 'initializing': truncation from 'double' to 'float'
C:\Users\Rony\Downloads\Room\main.cpp(464,32): warning C4305: 'initializing': truncation from 'double' to 'float'
C:\Users\Rony\Downloads\Room\main.cpp(464,37): warning C4305: 'initializing': truncation from 'double' to 'float'
C:\Users\Rony\Downloads\Room\main.cpp(465,26): warning C4305: 'initializing': truncation from 'double' to 'float'
C:\Users\Rony\Downloads\Room\main.cpp(465,32): warning C4305: 'initializing': truncation from 'double' to 'float'
C:\Users\Rony\Downloads\Room\main.cpp(465,37): warning C4305: 'initializing': truncation from 'double' to 'float'
C:\Users\Rony\Downloads\Room\main.cpp(467,26): warning C4305: 'initializing': truncation from 'double' to 'float'
C:\Users\Rony\Downloads\Room\main.cpp(467,32): warning C4305: 'initializing': truncation from 'double' to 'float'
C:\Users\Rony\Downloads\Room\main.cpp(467,37): warning C4305: 'initializing': truncation from 'double' to 'float'
C:\Users\Rony\Downloads\Room\main.cpp(468,26): warning C4305: 'initializing': truncation from 'double' to 'float'
C:\Users\Rony\Downloads\Room\main.cpp(468,32): warning C4305: 'initializing': truncation from 'double' to 'float'
C:\Users\Rony\Downloads\Room\main.cpp(468,37): warning C4305: 'initializing': truncation from 'double' to 'float'
C:\Users\Rony\Downloads\Room\main.cpp(469,26): warning C4305: 'initializing': truncation from 'double' to 'float'
C:\Users\Rony\Downloads\Room\main.cpp(469,32): warning C4305: 'initializing': truncation from 'double' to 'float'
C:\Users\Rony\Downloads\Room\main.cpp(469,37): warning C4305: 'initializing': truncation from 'double' to 'float'
C:\Users\Rony\Downloads\Room\main.cpp(470,26): warning C4305: 'initializing': truncation from 'double' to 'float'
C:\Users\Rony\Downloads\Room\main.cpp(470,32): warning C4305: 'initializing': truncation from 'double' to 'float'
C:\Users\Rony\Downloads\Room\main.cpp(470,37): warning C4305: 'initializing': truncation from 'double' to 'float'
C:\Users\Rony\Downloads\Room\main.cpp(472,26): warning C4305: 'initializing': truncation from 'double' to 'float'
C:\Users\Rony\Downloads\Room\main.cpp(472,32): warning C4305: 'initializing': truncation from 'double' to 'float'
C:\Users\Rony\Downloads\Room\main.cpp(472,37): warning C4305: 'initializing': truncation from 'double' to 'float'
C:\Users\Rony\Downloads\Room\main.cpp(473,26): warning C4305: 'initializing': truncation from 'double' to 'float'
C:\Users\Rony\Downloads\Room\main.cpp(473,32): warning C4305: 'initializing': truncation from 'double' to 'float'
C:\Users\Rony\Downloads\Room\main.cpp(473,37): warning C4305: 'initializing': truncation from 'double' to 'float'
C:\Users\Rony\Downloads\Room\main.cpp(474,26): warning C4305: 'initializing': truncation from 'double' to 'float'
C:\Users\Rony\Downloads\Room\main.cpp(474,32): warning C4305: 'initializing': truncation from 'double' to 'float'
C:\Users\Rony\Downloads\Room\main.cpp(474,37): warning C4305: 'initializing': truncation from 'double' to 'float'
C:\Users\Rony\Downloads\Room\main.cpp(475,26): warning C4305: 'initializing': truncation from 'double' to 'float'
C:\Users\Rony\Downloads\Room\main.cpp(475,32): warning C4305: 'initializing': truncation from 'double' to 'float'
C:\Users\Rony\Downloads\Room\main.cpp(475,37): warning C4305: 'initializing': truncation from 'double' to 'float'
C:\Users\Rony\Downloads\Room\main.cpp(482,26): warning C4305: 'initializing': truncation from 'double' to 'float'
C:\Users\Rony\Downloads\Room\main.cpp(482,32): warning C4305: 'initializing': truncation from 'double' to 'float'
C:\Users\Rony\Downloads\Room\main.cpp(482,37): warning C4305: 'initializing': truncation from 'double' to 'float'
C:\Users\Rony\Downloads\Room\main.cpp(483,26): warning C4305: 'initializing': truncation from 'double' to 'float'
C:\Users\Rony\Downloads\Room\main.cpp(483,32): warning C4305: 'initializing': truncation from 'double' to 'float'
C:\Users\Rony\Downloads\Room\main.cpp(483,37): warning C4305: 'initializing': truncation from 'double' to 'float'
C:\Users\Rony\Downloads\Room\main.cpp(484,26): warning C4305: 'initializing': truncation from 'double' to 'float'
C:\Users\Rony\Downloads\Room\main.cpp(484,32): warning C4305: 'initializing': truncation from 'double' to 'float'
C:\Users\Rony\Downloads\Room\main.cpp(484,37): warning C4305: 'initializing': truncation from 'double' to 'float'
C:\Users\Rony\Downloads\Room\main.cpp(485,26): warning C4305: 'initializing': truncation from 'double' to 'float'
C:\Users\Rony\Downloads\Room\main.cpp(485,32): warning C4305: 'initializing': truncation from 'double' to 'float'
C:\Users\Rony\Downloads\Room\main.cpp(485,37): warning C4305: 'initializing': truncation from 'double' to 'float'
C:\Users\Rony\Downloads\Room\main.cpp(988,90): warning C4305: 'argument': truncation from 'double' to 'float'
C:\Users\Rony\Downloads\Room\main.cpp(994,90): warning C4305: 'argument': truncation from 'double' to 'float'
C:\Users\Rony\Downloads\Room\main.cpp(1000,94): warning C4305: 'argument': truncation from 'double' to 'float'
C:\Users\Rony\Downloads\Room\main.cpp(1006,95): warning C4305: 'argument': truncation from 'double' to 'float'
C:\Users\Rony\Downloads\Room\main.cpp(1014,100): warning C4305: 'argument': truncation from 'double' to 'float'
C:\Users\Rony\Downloads\Room\main.cpp(1014,90): warning C4305: 'argument': truncation from 'double' to 'float'
C:\Users\Rony\Downloads\Room\main.cpp(1014,32): warning C4305: 'argument': truncation from 'double' to 'float'
C:\Users\Rony\Downloads\Room\main.cpp(1019,100): warning C4305: 'argument': truncation from 'double' to 'float'
C:\Users\Rony\Downloads\Room\main.cpp(1019,95): warning C4305: 'argument': truncation from 'double' to 'float'
C:\Users\Rony\Downloads\Room\main.cpp(1019,90): warning C4305: 'argument': truncation from 'double' to 'float'
C:\Users\Rony\Downloads\Room\main.cpp(1019,36): warning C4305: 'argument': truncation from 'double' to 'float'
C:\Users\Rony\Downloads\Room\main.cpp(1025,96): warning C4305: 'argument': truncation from 'double' to 'float'
C:\Users\Rony\Downloads\Room\main.cpp(1034,96): warning C4305: 'argument': truncation from 'double' to 'float'
C:\Users\Rony\Downloads\Room\main.cpp(1034,87): warning C4305: 'argument': truncation from 'double' to 'float'
C:\Users\Rony\Downloads\Room\main.cpp(1039,101): warning C4305: 'argument': truncation from 'double' to 'float'
C:\Users\Rony\Downloads\Room\main.cpp(1039,96): warning C4305: 'argument': truncation from 'double' to 'float'
C:\Users\Rony\Downloads\Room\main.cpp(1039,91): warning C4305: 'argument': truncation from 'double' to 'float'
C:\Users\Rony\Downloads\Room\main.cpp(1039,36): warning C4305: 'argument': truncation from 'double' to 'float'
C:\Users\Rony\Downloads\Room\main.cpp(1044,98): warning C4305: 'argument': truncation from 'double' to 'float'
C:\Users\Rony\Downloads\Room\main.cpp(1044,89): warning C4305: 'argument': truncation from 'double' to 'float'
C:\Users\Rony\Downloads\Room\main.cpp(1044,39): warning C4305: 'argument': truncation from 'double' to 'float'
C:\Users\Rony\Downloads\Room\main.cpp(1051,89): warning C4305: 'argument': truncation from 'double' to 'float'
C:\Users\Rony\Downloads\Room\main.cpp(1057,91): warning C4305: 'argument': truncation from 'double' to 'float'
C:\Users\Rony\Downloads\Room\main.cpp(1063,91): warning C4305: 'argument': truncation from 'double' to 'float'
C:\Users\Rony\Downloads\Room\main.cpp(1070,100): warning C4305: 'argument': truncation from 'double' to 'float'
C:\Users\Rony\Downloads\Room\main.cpp(1070,95): warning C4305: 'argument': truncation from 'double' to 'float'
C:\Users\Rony\Downloads\Room\main.cpp(1070,89): warning C4305: 'argument': truncation from 'double' to 'float'
C:\Users\Rony\Downloads\Room\main.cpp(1070,32): warning C4305: 'argument': truncation from 'double' to 'float'
C:\Users\Rony\Downloads\Room\main.cpp(1076,101): warning C4305: 'argument': truncation from 'double' to 'float'
C:\Users\Rony\Downloads\Room\main.cpp(1076,96): warning C4305: 'argument': truncation from 'double' to 'float'
C:\Users\Rony\Downloads\Room\main.cpp(1076,90): warning C4305: 'argument': truncation from 'double' to 'float'
C:\Users\Rony\Downloads\Room\main.cpp(1076,32): warning C4305: 'argument': truncation from 'double' to 'float'
C:\Users\Rony\Downloads\Room\main.cpp(1082,100): warning C4305: 'argument': truncation from 'double' to 'float'
C:\Users\Rony\Downloads\Room\main.cpp(1082,95): warning C4305: 'argument': truncation from 'double' to 'float'
C:\Users\Rony\Downloads\Room\main.cpp(1082,89): warning C4305: 'argument': truncation from 'double' to 'float'
C:\Users\Rony\Downloads\Room\main.cpp(1082,32): warning C4305: 'argument': truncation from 'double' to 'float'
C:\Users\Rony\Downloads\Room\main.cpp(1089,103): warning C4305: 'argument': truncation from 'double' to 'float'
C:\Users\Rony\Downloads\Room\main.cpp(1089,38): warning C4305: 'argument': truncation from 'double' to 'float'
C:\Users\Rony\Downloads\Room\main.cpp(1089,32): warning C4305: 'argument': truncation from 'double' to 'float'
C:\Users\Rony\Downloads\Room\main.cpp(1095,89): warning C4305: 'argument': truncation from 'double' to 'float'
C:\Users\Rony\Downloads\Room\main.cpp(1095,32): warning C4305: 'argument': truncation from 'double' to 'float'
C:\Users\Rony\Downloads\Room\main.cpp(1100,99): warning C4305: 'argument': truncation from 'double' to 'float'
C:\Users\Rony\Downloads\Room\main.cpp(1100,91): warning C4305: 'argument': truncation from 'double' to 'float'
C:\Users\Rony\Downloads\Room\main.cpp(1100,32): warning C4305: 'argument': truncation from 'double' to 'float'
C:\Users\Rony\Downloads\Room\main.cpp(1105,99): warning C4305: 'argument': truncation from 'double' to 'float'
C:\Users\Rony\Downloads\Room\main.cpp(1105,91): warning C4305: 'argument': truncation from 'double' to 'float'
C:\Users\Rony\Downloads\Room\main.cpp(1105,41): warning C4305: 'argument': truncation from 'double' to 'float'
C:\Users\Rony\Downloads\Room\main.cpp(1105,32): warning C4305: 'argument': truncation from 'double' to 'float'
C:\Users\Rony\Downloads\Room\main.cpp(1110,97): warning C4305: 'argument': truncation from 'double' to 'float'
C:\Users\Rony\Downloads\Room\main.cpp(1110,89): warning C4305: 'argument': truncation from 'double' to 'float'
C:\Users\Rony\Downloads\Room\main.cpp(1110,32): warning C4305: 'argument': truncation from 'double' to 'float'
C:\Users\Rony\Downloads\Room\main.cpp(1115,99): warning C4305: 'argument': truncation from 'double' to 'float'
C:\Users\Rony\Downloads\Room\main.cpp(1115,91): warning C4305: 'argument': truncation from 'double' to 'float'
C:\Users\Rony\Downloads\Room\main.cpp(1115,41): warning C4305: 'argument': truncation from 'double' to 'float'
C:\Users\Rony\Downloads\Room\main.cpp(1115,32): warning C4305: 'argument': truncation from 'double' to 'float'
C:\Users\Rony\Downloads\Room\main.cpp(1121,94): warning C4305: 'argument': truncation from 'double' to 'float'
C:\Users\Rony\Downloads\Room\main.cpp(1121,31): warning C4305: 'argument': truncation from 'double' to 'float'
C:\Users\Rony\Downloads\Room\main.cpp(1128,44): warning C4305: 'argument': truncation from 'double' to 'float'
C:\Users\Rony\Downloads\Room\main.cpp(1128,39): warning C4305: 'argument': truncation from 'double' to 'float'
C:\Users\Rony\Downloads\Room\main.cpp(1128,32): warning C4305: 'argument': truncation from 'double' to 'float'
C:\Users\Rony\Downloads\Room\main.cpp(1165,93): warning C4305: 'argument': truncation from 'double' to 'float'
C:\Users\Rony\Downloads\Room\main.cpp(1170,93): warning C4305: 'argument': truncation from 'double' to 'float'
C:\Users\Rony\Downloads\Room\main.cpp(1170,88): warning C4305: 'argument': truncation from 'double' to 'float'
C:\Users\Rony\Downloads\Room\main.cpp(1180,93): warning C4305: 'argument': truncation from 'double' to 'float'
C:\Users\Rony\Downloads\Room\main.cpp(1185,93): warning C4305: 'argument': truncation from 'double' to 'float'
C:\Users\Rony\Downloads\Room\main.cpp(1185,88): warning C4305: 'argument': truncation from 'double' to 'float'
C:\Users\Rony\Downloads\Room\main.cpp(1197,92): warning C4305: 'argument': truncation from 'double' to 'float'
C:\Users\Rony\Downloads\Room\main.cpp(1208,92): warning C4305: 'argument': truncation from 'double' to 'float'
C:\Users\Rony\Downloads\Room\main.cpp(1208,38): warning C4305: 'argument': truncation from 'double' to 'float'
C:\Users\Rony\Downloads\Room\main.cpp(1214,99): warning C4305: 'argument': truncation from 'double' to 'float'
C:\Users\Rony\Downloads\Room\main.cpp(1214,44): warning C4305: 'argument': truncation from 'double' to 'float'
C:\Users\Rony\Downloads\Room\main.cpp(1214,38): warning C4305: 'argument': truncation from 'double' to 'float'
C:\Users\Rony\Downloads\Room\main.cpp(1214,32): warning C4305: 'argument': truncation from 'double' to 'float'
C:\Users\Rony\Downloads\Room\main.cpp(1220,99): warning C4305: 'argument': truncation from 'double' to 'float'
C:\Users\Rony\Downloads\Room\main.cpp(1220,44): warning C4305: 'argument': truncation from 'double' to 'float'
C:\Users\Rony\Downloads\Room\main.cpp(1220,38): warning C4305: 'argument': truncation from 'double' to 'float'
C:\Users\Rony\Downloads\Room\main.cpp(1220,32): warning C4305: 'argument': truncation from 'double' to 'float'
C:\Users\Rony\Downloads\Room\main.cpp(1226,98): warning C4305: 'argument': truncation from 'double' to 'float'
C:\Users\Rony\Downloads\Room\main.cpp(1226,94): warning C4305: 'argument': truncation from 'double' to 'float'
C:\Users\Rony\Downloads\Room\main.cpp(1226,44): warning C4305: 'argument': truncation from 'double' to 'float'
C:\Users\Rony\Downloads\Room\main.cpp(1226,38): warning C4305: 'argument': truncation from 'double' to 'float'
C:\Users\Rony\Downloads\Room\main.cpp(1231,102): warning C4305: 'argument': truncation from 'double' to 'float'
C:\Users\Rony\Downloads\Room\main.cpp(1231,97): warning C4305: 'argument': truncation from 'double' to 'float'
C:\Users\Rony\Downloads\Room\main.cpp(1231,93): warning C4305: 'argument': truncation from 'double' to 'float'
C:\Users\Rony\Downloads\Room\main.cpp(1231,43): warning C4305: 'argument': truncation from 'double' to 'float'
C:\Users\Rony\Downloads\Room\main.cpp(1231,32): warning C4305: 'argument': truncation from 'double' to 'float'
C:\Users\Rony\Downloads\Room\main.cpp(1236,103): warning C4305: 'argument': truncation from 'double' to 'float'
C:\Users\Rony\Downloads\Room\main.cpp(1236,94): warning C4305: 'argument': truncation from 'double' to 'float'
C:\Users\Rony\Downloads\Room\main.cpp(1236,43): warning C4305: 'argument': truncation from 'double' to 'float'
C:\Users\Rony\Downloads\Room\main.cpp(1236,38): warning C4305: 'argument': truncation from 'double' to 'float'
C:\Users\Rony\Downloads\Room\main.cpp(1241,102): warning C4305: 'argument': truncation from 'double' to 'float'
C:\Users\Rony\Downloads\Room\main.cpp(1241,97): warning C4305: 'argument': truncation from 'double' to 'float'
C:\Users\Rony\Downloads\Room\main.cpp(1241,93): warning C4305: 'argument': truncation from 'double' to 'float'
C:\Users\Rony\Downloads\Room\main.cpp(1241,43): warning C4305: 'argument': truncation from 'double' to 'float'
C:\Users\Rony\Downloads\Room\main.cpp(1241,32): warning C4305: 'argument': truncation from 'double' to 'float'
C:\Users\Rony\Downloads\Room\main.cpp(1246,102): warning C4305: 'argument': truncation from 'double' to 'float'
C:\Users\Rony\Downloads\Room\main.cpp(1246,97): warning C4305: 'argument': truncation from 'double' to 'float'
C:\Users\Rony\Downloads\Room\main.cpp(1246,93): warning C4305: 'argument': truncation from 'double' to 'float'
C:\Users\Rony\Downloads\Room\main.cpp(1246,43): warning C4305: 'argument': truncation from 'double' to 'float'
C:\Users\Rony\Downloads\Room\main.cpp(1246,32): warning C4305: 'argument': truncation from 'double' to 'float'
C:\Users\Rony\Downloads\Room\main.cpp(1251,101): warning C4305: 'argument': truncation from 'double' to 'float'
C:\Users\Rony\Downloads\Room\main.cpp(1251,97): warning C4305: 'argument': truncation from 'double' to 'float'
C:\Users\Rony\Downloads\Room\main.cpp(1251,93): warning C4305: 'argument': truncation from 'double' to 'float'
C:\Users\Rony\Downloads\Room\main.cpp(1251,43): warning C4305: 'argument': truncation from 'double' to 'float'
C:\Users\Rony\Downloads\Room\main.cpp(1251,38): warning C4305: 'argument': truncation from 'double' to 'float'
C:\Users\Rony\Downloads\Room\main.cpp(1251,32): warning C4305: 'argument': truncation from 'double' to 'float'
C:\Users\Rony\Downloads\Room\main.cpp(1256,101): warning C4305: 'argument': truncation from 'double' to 'float'
C:\Users\Rony\Downloads\Room\main.cpp(1256,97): warning C4305: 'argument': truncation from 'double' to 'float'
C:\Users\Rony\Downloads\Room\main.cpp(1256,93): warning C4305: 'argument': truncation from 'double' to 'float'
C:\Users\Rony\Downloads\Room\main.cpp(1256,43): warning C4305: 'argument': truncation from 'double' to 'float'
C:\Users\Rony\Downloads\Room\main.cpp(1256,38): warning C4305: 'argument': truncation from 'double' to 'float'
C:\Users\Rony\Downloads\Room\main.cpp(1256,32): warning C4305: 'argument': truncation from 'double' to 'float'
C:\Users\Rony\Downloads\Room\main.cpp(1261,102): warning C4305: 'argument': truncation from 'double' to 'float'
C:\Users\Rony\Downloads\Room\main.cpp(1261,98): warning C4305: 'argument': truncation from 'double' to 'float'
C:\Users\Rony\Downloads\Room\main.cpp(1261,94): warning C4305: 'argument': truncation from 'double' to 'float'
C:\Users\Rony\Downloads\Room\main.cpp(1261,44): warning C4305: 'argument': truncation from 'double' to 'float'
C:\Users\Rony\Downloads\Room\main.cpp(1261,38): warning C4305: 'argument': truncation from 'double' to 'float'
C:\Users\Rony\Downloads\Room\main.cpp(1261,32): warning C4305: 'argument': truncation from 'double' to 'float'
C:\Users\Rony\Downloads\Room\main.cpp(1266,102): warning C4305: 'argument': truncation from 'double' to 'float'
C:\Users\Rony\Downloads\Room\main.cpp(1266,98): warning C4305: 'argument': truncation from 'double' to 'float'
C:\Users\Rony\Downloads\Room\main.cpp(1266,94): warning C4305: 'argument': truncation from 'double' to 'float'
C:\Users\Rony\Downloads\Room\main.cpp(1266,44): warning C4305: 'argument': truncation from 'double' to 'float'
C:\Users\Rony\Downloads\Room\main.cpp(1266,38): warning C4305: 'argument': truncation from 'double' to 'float'
C:\Users\Rony\Downloads\Room\main.cpp(1266,32): warning C4305: 'argument': truncation from 'double' to 'float'
C:\Users\Rony\Downloads\Room\main.cpp(1280,92): warning C4305: 'argument': truncation from 'double' to 'float'
C:\Users\Rony\Downloads\Room\main.cpp(1280,32): warning C4305: 'argument': truncation from 'double' to 'float'
C:\Users\Rony\Downloads\Room\main.cpp(1287,103): warning C4305: 'argument': truncation from 'double' to 'float'
C:\Users\Rony\Downloads\Room\main.cpp(1287,97): warning C4305: 'argument': truncation from 'double' to 'float'
C:\Users\Rony\Downloads\Room\main.cpp(1287,92): warning C4305: 'argument': truncation from 'double' to 'float'
C:\Users\Rony\Downloads\Room\main.cpp(1293,99): warning C4305: 'argument': truncation from 'double' to 'float'
C:\Users\Rony\Downloads\Room\main.cpp(1293,91): warning C4305: 'argument': truncation from 'double' to 'float'
C:\Users\Rony\Downloads\Room\main.cpp(1293,32): warning C4305: 'argument': truncation from 'double' to 'float'
C:\Users\Rony\Downloads\Room\main.cpp(1299,100): warning C4305: 'argument': truncation from 'double' to 'float'
C:\Users\Rony\Downloads\Room\main.cpp(1299,90): warning C4305: 'argument': truncation from 'double' to 'float'
C:\Users\Rony\Downloads\Room\main.cpp(1305,99): warning C4305: 'argument': truncation from 'double' to 'float'
C:\Users\Rony\Downloads\Room\main.cpp(1305,91): warning C4305: 'argument': truncation from 'double' to 'float'
C:\Users\Rony\Downloads\Room\main.cpp(1311,102): warning C4305: 'argument': truncation from 'double' to 'float'
C:\Users\Rony\Downloads\Room\main.cpp(1311,94): warning C4305: 'argument': truncation from 'double' to 'float'
C:\Users\Rony\Downloads\Room\main.cpp(1317,100): warning C4305: 'argument': truncation from 'double' to 'float'
C:\Users\Rony\Downloads\Room\main.cpp(1317,95): warning C4305: 'argument': truncation from 'double' to 'float'
C:\Users\Rony\Downloads\Room\main.cpp(1317,90): warning C4305: 'argument': truncation from 'double' to 'float'
C:\Users\Rony\Downloads\Room\main.cpp(1326,32): warning C4305: 'argument': truncation from 'double' to 'float'
C:\Users\Rony\Downloads\Room\main.cpp(1332,94): warning C4305: 'argument': truncation from 'double' to 'float'
C:\Users\Rony\Downloads\Room\main.cpp(1332,32): warning C4305: 'argument': truncation from 'double' to 'float'
C:\Users\Rony\Downloads\Room\main.cpp(1336,98): warning C4305: 'argument': truncation from 'double' to 'float'
C:\Users\Rony\Downloads\Room\main.cpp(1336,93): warning C4305: 'argument': truncation from 'double' to 'float'
C:\Users\Rony\Downloads\Room\main.cpp(1336,32): warning C4305: 'argument': truncation from 'double' to 'float'
C:\Users\Rony\Downloads\Room\main.cpp(1342,32): warning C4305: 'argument': truncation from 'double' to 'float'
C:\Users\Rony\Downloads\Room\main.cpp(1348,32): warning C4305: 'argument': truncation from 'double' to 'float'
C:\Users\Rony\Downloads\Room\main.cpp(1354,95): warning C4305: 'argument': truncation from 'double' to 'float'
C:\Users\Rony\Downloads\Room\main.cpp(1354,32): warning C4305: 'argument': truncation from 'double' to 'float'
C:\Users\Rony\Downloads\Room\main.cpp(1359,99): warning C4305: 'argument': truncation from 'double' to 'float'
C:\Users\Rony\Downloads\Room\main.cpp(1359,94): warning C4305: 'argument': truncation from 'double' to 'float'
C:\Users\Rony\Downloads\Room\main.cpp(1359,32): warning C4305: 'argument': truncation from 'double' to 'float'
C:\Users\Rony\Downloads\Room\main.cpp(1365,32): warning C4305: 'argument': truncation from 'double' to 'float'
C:\Users\Rony\Downloads\Room\main.cpp(1371,32): warning C4305: 'argument': truncation from 'double' to 'float'
C:\Users\Rony\Downloads\Room\main.cpp(1378,90): warning C4305: 'argument': truncation from 'double' to 'float'
C:\Users\Rony\Downloads\Room\main.cpp(1378,32): warning C4305: 'argument': truncation from 'double' to 'float'
C:\Users\Rony\Downloads\Room\main.cpp(1384,95): warning C4305: 'argument': truncation from 'double' to 'float'
C:\Users\Rony\Downloads\Room\main.cpp(1390,92): warning C4305: 'argument': truncation from 'double' to 'float'
C:\Users\Rony\Downloads\Room\main.cpp(1390,42): warning C4305: 'argument': truncation from 'double' to 'float'
C:\Users\Rony\Downloads\Room\main.cpp(1390,32): warning C4305: 'argument': truncation from 'double' to 'float'
C:\Users\Rony\Downloads\Room\main.cpp(1396,97): warning C4305: 'argument': truncation from 'double' to 'float'
C:\Users\Rony\Downloads\Room\main.cpp(1396,41): warning C4305: 'argument': truncation from 'double' to 'float'
C:\Users\Rony\Downloads\Room\main.cpp(1403,96): warning C4305: 'argument': truncation from 'double' to 'float'
C:\Users\Rony\Downloads\Room\main.cpp(1403,42): warning C4305: 'argument': truncation from 'double' to 'float'
C:\Users\Rony\Downloads\Room\main.cpp(1403,37): warning C4305: 'argument': truncation from 'double' to 'float'
C:\Users\Rony\Downloads\Room\main.cpp(1403,32): warning C4305: 'argument': truncation from 'double' to 'float'
C:\Users\Rony\Downloads\Room\main.cpp(1409,102): warning C4305: 'argument': truncation from 'double' to 'float'
C:\Users\Rony\Downloads\Room\main.cpp(1409,97): warning C4305: 'argument': truncation from 'double' to 'float'
C:\Users\Rony\Downloads\Room\main.cpp(1409,92): warning C4305: 'argument': truncation from 'double' to 'float'
C:\Users\Rony\Downloads\Room\main.cpp(1409,42): warning C4305: 'argument': truncation from 'double' to 'float'
C:\Users\Rony\Downloads\Room\main.cpp(1409,32): warning C4305: 'argument': truncation from 'double' to 'float'
C:\Users\Rony\Downloads\Room\main.cpp(1415,101): warning C4305: 'argument': truncation from 'double' to 'float'
C:\Users\Rony\Downloads\Room\main.cpp(1415,96): warning C4305: 'argument': truncation from 'double' to 'float'
C:\Users\Rony\Downloads\Room\main.cpp(1415,92): warning C4305: 'argument': truncation from 'double' to 'float'
C:\Users\Rony\Downloads\Room\main.cpp(1415,42): warning C4305: 'argument': truncation from 'double' to 'float'
C:\Users\Rony\Downloads\Room\main.cpp(1415,32): warning C4305: 'argument': truncation from 'double' to 'float'
C:\Users\Rony\Downloads\Room\main.cpp(1422,102): warning C4305: 'argument': truncation from 'double' to 'float'
C:\Users\Rony\Downloads\Room\main.cpp(1422,97): warning C4305: 'argument': truncation from 'double' to 'float'
C:\Users\Rony\Downloads\Room\main.cpp(1422,92): warning C4305: 'argument': truncation from 'double' to 'float'
C:\Users\Rony\Downloads\Room\main.cpp(1422,42): warning C4305: 'argument': truncation from 'double' to 'float'
C:\Users\Rony\Downloads\Room\main.cpp(1422,32): warning C4305: 'argument': truncation from 'double' to 'float'
C:\Users\Rony\Downloads\Room\main.cpp(1428,101): warning C4305: 'argument': truncation from 'double' to 'float'
C:\Users\Rony\Downloads\Room\main.cpp(1428,96): warning C4305: 'argument': truncation from 'double' to 'float'
C:\Users\Rony\Downloads\Room\main.cpp(1428,92): warning C4305: 'argument': truncation from 'double' to 'float'
C:\Users\Rony\Downloads\Room\main.cpp(1428,42): warning C4305: 'argument': truncation from 'double' to 'float'
C:\Users\Rony\Downloads\Room\main.cpp(1428,32): warning C4305: 'argument': truncation from 'double' to 'float'
C:\Users\Rony\Downloads\Room\main.cpp(1434,102): warning C4305: 'argument': truncation from 'double' to 'float'
C:\Users\Rony\Downloads\Room\main.cpp(1434,98): warning C4305: 'argument': truncation from 'double' to 'float'
C:\Users\Rony\Downloads\Room\main.cpp(1434,92): warning C4305: 'argument': truncation from 'double' to 'float'
C:\Users\Rony\Downloads\Room\main.cpp(1434,41): warning C4305: 'argument': truncation from 'double' to 'float'
C:\Users\Rony\Downloads\Room\main.cpp(1434,32): warning C4305: 'argument': truncation from 'double' to 'float'
C:\Users\Rony\Downloads\Room\main.cpp(1440,96): warning C4305: 'argument': truncation from 'double' to 'float'
C:\Users\Rony\Downloads\Room\main.cpp(1440,43): warning C4305: 'argument': truncation from 'double' to 'float'
C:\Users\Rony\Downloads\Room\main.cpp(1440,38): warning C4305: 'argument': truncation from 'double' to 'float'
C:\Users\Rony\Downloads\Room\main.cpp(1446,102): warning C4305: 'argument': truncation from 'double' to 'float'
C:\Users\Rony\Downloads\Room\main.cpp(1446,97): warning C4305: 'argument': truncation from 'double' to 'float'
C:\Users\Rony\Downloads\Room\main.cpp(1446,93): warning C4305: 'argument': truncation from 'double' to 'float'
C:\Users\Rony\Downloads\Room\main.cpp(1446,43): warning C4305: 'argument': truncation from 'double' to 'float'
C:\Users\Rony\Downloads\Room\main.cpp(1446,32): warning C4305: 'argument': truncation from 'double' to 'float'
C:\Users\Rony\Downloads\Room\main.cpp(1452,102): warning C4305: 'argument': truncation from 'double' to 'float'
C:\Users\Rony\Downloads\Room\main.cpp(1452,97): warning C4305: 'argument': truncation from 'double' to 'float'
C:\Users\Rony\Downloads\Room\main.cpp(1452,93): warning C4305: 'argument': truncation from 'double' to 'float'
C:\Users\Rony\Downloads\Room\main.cpp(1452,32): warning C4305: 'argument': truncation from 'double' to 'float'
C:\Users\Rony\Downloads\Room\main.cpp(1459,102): warning C4305: 'argument': truncation from 'double' to 'float'
C:\Users\Rony\Downloads\Room\main.cpp(1459,97): warning C4305: 'argument': truncation from 'double' to 'float'
C:\Users\Rony\Downloads\Room\main.cpp(1459,93): warning C4305: 'argument': truncation from 'double' to 'float'
C:\Users\Rony\Downloads\Room\main.cpp(1459,43): warning C4305: 'argument': truncation from 'double' to 'float'
C:\Users\Rony\Downloads\Room\main.cpp(1459,32): warning C4305: 'argument': truncation from 'double' to 'float'
C:\Users\Rony\Downloads\Room\main.cpp(1465,102): warning C4305: 'argument': truncation from 'double' to 'float'
C:\Users\Rony\Downloads\Room\main.cpp(1465,97): warning C4305: 'argument': truncation from 'double' to 'float'
C:\Users\Rony\Downloads\Room\main.cpp(1465,93): warning C4305: 'argument': truncation from 'double' to 'float'
C:\Users\Rony\Downloads\Room\main.cpp(1465,32): warning C4305: 'argument': truncation from 'double' to 'float'
C:\Users\Rony\Downloads\Room\main.cpp(1471,95): warning C4305: 'argument': truncation from 'double' to 'float'
C:\Users\Rony\Downloads\Room\main.cpp(1471,42): warning C4305: 'argument': truncation from 'double' to 'float'
C:\Users\Rony\Downloads\Room\main.cpp(1471,38): warning C4305: 'argument': truncation from 'double' to 'float'
C:\Users\Rony\Downloads\Room\main.cpp(1478,107): warning C4305: 'argument': truncation from 'double' to 'float'
C:\Users\Rony\Downloads\Room\main.cpp(1478,102): warning C4305: 'argument': truncation from 'double' to 'float'
C:\Users\Rony\Downloads\Room\main.cpp(1478,97): warning C4305: 'argument': truncation from 'double' to 'float'
C:\Users\Rony\Downloads\Room\main.cpp(1478,45): warning C4305: 'argument': truncation from 'double' to 'float'
C:\Users\Rony\Downloads\Room\main.cpp(1478,39): warning C4305: 'argument': truncation from 'double' to 'float'
C:\Users\Rony\Downloads\Room\main.cpp(1478,32): warning C4305: 'argument': truncation from 'double' to 'float'
C:\Users\Rony\Downloads\Room\main.cpp(1486,95): warning C4305: 'argument': truncation from 'double' to 'float'
C:\Users\Rony\Downloads\Room\main.cpp(1495,89): warning C4305: 'argument': truncation from 'double' to 'float'
C:\Users\Rony\Downloads\Room\main.cpp(1500,107): warning C4305: 'argument': truncation from 'double' to 'float'
C:\Users\Rony\Downloads\Room\main.cpp(1500,98): warning C4305: 'argument': truncation from 'double' to 'float'
C:\Users\Rony\Downloads\Room\main.cpp(1500,45): warning C4305: 'argument': truncation from 'double' to 'float'
C:\Users\Rony\Downloads\Room\main.cpp(1500,40): warning C4305: 'argument': truncation from 'double' to 'float'
C:\Users\Rony\Downloads\Room\main.cpp(1500,32): warning C4305: 'argument': truncation from 'double' to 'float'
C:\Users\Rony\Downloads\Room\main.cpp(1505,91): warning C4305: 'argument': truncation from 'double' to 'float'
C:\Users\Rony\Downloads\Room\main.cpp(1505,35): warning C4305: 'argument': truncation from 'double' to 'float'
C:\Users\Rony\Downloads\Room\main.cpp(1511,87): warning C4305: 'argument': truncation from 'double' to 'float'
C:\Users\Rony\Downloads\Room\main.cpp(1516,96): warning C4305: 'argument': truncation from 'double' to 'float'
C:\Users\Rony\Downloads\Room\main.cpp(1521,89): warning C4305: 'argument': truncation from 'double' to 'float'
C:\Users\Rony\Downloads\Room\main.cpp(1526,91): warning C4305: 'argument': truncation from 'double' to 'float'
C:\Users\Rony\Downloads\Room\main.cpp(1532,91): warning C4305: 'argument': truncation from 'double' to 'float'
C:\Users\Rony\Downloads\Room\main.cpp(1537,100): warning C4305: 'argument': truncation from 'double' to 'float'
C:\Users\Rony\Downloads\Room\main.cpp(1537,96): warning C4305: 'argument': truncation from 'double' to 'float'
C:\Users\Rony\Downloads\Room\main.cpp(1537,90): warning C4305: 'argument': truncation from 'double' to 'float'
C:\Users\Rony\Downloads\Room\main.cpp(1537,39): warning C4305: 'argument': truncation from 'double' to 'float'
C:\Users\Rony\Downloads\Room\main.cpp(1542,101): warning C4305: 'argument': truncation from 'double' to 'float'
C:\Users\Rony\Downloads\Room\main.cpp(1542,96): warning C4305: 'argument': truncation from 'double' to 'float'
C:\Users\Rony\Downloads\Room\main.cpp(1542,92): warning C4305: 'argument': truncation from 'double' to 'float'
C:\Users\Rony\Downloads\Room\main.cpp(1542,41): warning C4305: 'argument': truncation from 'double' to 'float'
C:\Users\Rony\Downloads\Room\main.cpp(1542,36): warning C4305: 'argument': truncation from 'double' to 'float'
C:\Users\Rony\Downloads\Room\main.cpp(1547,102): warning C4305: 'argument': truncation from 'double' to 'float'
C:\Users\Rony\Downloads\Room\main.cpp(1547,97): warning C4305: 'argument': truncation from 'double' to 'float'
C:\Users\Rony\Downloads\Room\main.cpp(1547,43): warning C4305: 'argument': truncation from 'double' to 'float'
C:\Users\Rony\Downloads\Room\main.cpp(1547,38): warning C4305: 'argument': truncation from 'double' to 'float'
C:\Users\Rony\Downloads\Room\main.cpp(1552,100): warning C4305: 'argument': truncation from 'double' to 'float'
C:\Users\Rony\Downloads\Room\main.cpp(1552,95): warning C4305: 'argument': truncation from 'double' to 'float'
C:\Users\Rony\Downloads\Room\main.cpp(1552,41): warning C4305: 'argument': truncation from 'double' to 'float'
C:\Users\Rony\Downloads\Room\main.cpp(1552,36): warning C4305: 'argument': truncation from 'double' to 'float'
C:\Users\Rony\Downloads\Room\main.cpp(1557,104): warning C4305: 'argument': truncation from 'double' to 'float'
C:\Users\Rony\Downloads\Room\main.cpp(1557,99): warning C4305: 'argument': truncation from 'double' to 'float'
C:\Users\Rony\Downloads\Room\main.cpp(1557,95): warning C4305: 'argument': truncation from 'double' to 'float'
C:\Users\Rony\Downloads\Room\main.cpp(1557,44): warning C4305: 'argument': truncation from 'double' to 'float'
C:\Users\Rony\Downloads\Room\main.cpp(1557,39): warning C4305: 'argument': truncation from 'double' to 'float'
C:\Users\Rony\Downloads\Room\main.cpp(1557,32): warning C4305: 'argument': truncation from 'double' to 'float'
C:\Users\Rony\Downloads\Room\main.cpp(1562,101): warning C4305: 'argument': truncation from 'double' to 'float'
C:\Users\Rony\Downloads\Room\main.cpp(1562,96): warning C4305: 'argument': truncation from 'double' to 'float'
C:\Users\Rony\Downloads\Room\main.cpp(1562,92): warning C4305: 'argument': truncation from 'double' to 'float'
C:\Users\Rony\Downloads\Room\main.cpp(1562,41): warning C4305: 'argument': truncation from 'double' to 'float'
C:\Users\Rony\Downloads\Room\main.cpp(1562,36): warning C4305: 'argument': truncation from 'double' to 'float'
C:\Users\Rony\Downloads\Room\main.cpp(1570,58): warning C4244: 'argument': conversion from 'int' to 'float', possible loss of data
C:\Users\Rony\Downloads\Room\main.cpp(1577,93): warning C4305: 'argument': truncation from 'double' to 'float'
C:\Users\Rony\Downloads\Room\main.cpp(1577,35): warning C4305: 'argument': truncation from 'double' to 'float'
C:\Users\Rony\Downloads\Room\main.cpp(977,25): warning C4101: 'rotate': unreferenced local variable
C:\Users\Rony\Downloads\Room\main.cpp(977,32): warning C4101: 'scale': unreferenced local variable
  3D.vcxproj -> C:\Users\Rony\Downloads\Room\x64\Debug\3D.exe
  'pwsh.exe' is not recognized as an internal or external command,
  operable program or batch file.
